{
  "0 debug pnpm:scope": {
    "selected": 1
  },
  "1 error pnpm": {
    "errno": 1,
    "code": "ELIFECYCLE",
    "pkgid": "vite-template-solid@0.0.0",
    "stage": "dev",
    "script": "vite",
    "pkgname": "vite-template-solid",
    "err": {
      "name": "pnpm",
      "message": "vite-template-solid@0.0.0 dev: `vite`\nExit status 1",
      "code": "ELIFECYCLE",
      "stack": "pnpm: vite-template-solid@0.0.0 dev: `vite`\nExit status 1\n    at EventEmitter.<anonymous> (C:\\snapshot\\dist\\pnpm.cjs)\n    at EventEmitter.emit (events.js:400:28)\n    at ChildProcess.<anonymous> (C:\\snapshot\\dist\\pnpm.cjs)\n    at ChildProcess.emit (events.js:400:28)\n    at maybeClose (internal/child_process.js:1088:16)\n    at Process.ChildProcess._handle.onexit (internal/child_process.js:296:5)"
    }
  },
  "2 warn pnpm:global": " Local package.json exists, but node_modules missing, did you mean to install?"
}